<?xml version="1.0" encoding="UTF-8"?>
<!-- Generated by org.testng.reporters.JUnitXMLReporter -->
<testsuite ignored="0" hostname="DESKTOP-C4LC40M" failures="0" tests="4" name="Default test" time="0.184" errors="0" timestamp="2022-12-16T21:52:35 IST">
  <testcase classname="Tutorial2.Demo1" name="xyz" time="0.027"/>
  <testcase classname="Tutorial2.Demo1" name="abc" time="0.003"/>
  <testcase classname="Tutorial2.Demo1" name="pqr" time="0.004"/>
  <testcase classname="Tutorial2.Demo1" name="jkl" time="0.002"/>
</testsuite> <!-- Default test -->
