<?xml version="1.0" encoding="UTF-8"?>
<testng-results ignored="0" total="4" passed="4" failed="0" skipped="0">
  <reporter-output>
  </reporter-output>
  <suite started-at="2022-12-16T21:52:35 IST" name="Default suite" finished-at="2022-12-16T21:52:35 IST" duration-ms="184">
    <groups>
    </groups>
    <test started-at="2022-12-16T21:52:35 IST" name="Default test" finished-at="2022-12-16T21:52:35 IST" duration-ms="184">
      <class name="Tutorial2.Demo1">
        <test-method signature="xyz()[pri:-200, instance:Tutorial2.Demo1@25ce9dc4]" started-at="2022-12-16T21:52:35 IST" name="xyz" finished-at="2022-12-16T21:52:35 IST" duration-ms="27" status="PASS">
          <reporter-output>
          </reporter-output>
        </test-method> <!-- xyz -->
        <test-method signature="abc()[pri:-110, instance:Tutorial2.Demo1@25ce9dc4]" started-at="2022-12-16T21:52:35 IST" name="abc" finished-at="2022-12-16T21:52:35 IST" duration-ms="3" status="PASS">
          <reporter-output>
          </reporter-output>
        </test-method> <!-- abc -->
        <test-method signature="pqr()[pri:10, instance:Tutorial2.Demo1@25ce9dc4]" started-at="2022-12-16T21:52:35 IST" name="pqr" finished-at="2022-12-16T21:52:35 IST" duration-ms="4" status="PASS">
          <reporter-output>
          </reporter-output>
        </test-method> <!-- pqr -->
        <test-method signature="jkl()[pri:200, instance:Tutorial2.Demo1@25ce9dc4]" started-at="2022-12-16T21:52:35 IST" name="jkl" finished-at="2022-12-16T21:52:35 IST" duration-ms="2" status="PASS">
          <reporter-output>
          </reporter-output>
        </test-method> <!-- jkl -->
      </class> <!-- Tutorial2.Demo1 -->
    </test> <!-- Default test -->
  </suite> <!-- Default suite -->
</testng-results>
